<?xml version="1.0" encoding="UTF-8"?>
<!-- Generated by org.testng.reporters.JUnitReportReporter -->
<testsuite hostname="sreelakshmi" failures="0" tests="1" name="firstSample.BrwoserLaunch" time="2.918" errors="0" timestamp="2022-02-28T19:42:04 IST" skipped="0">
  <testcase classname="firstSample.BrwoserLaunch" name="launchBroswer" time="2.918"/>
  <system-out/>
</testsuite> <!-- firstSample.BrwoserLaunch -->
